{"level":"info","message":"⌛ Building environment","timeElapsed":216,"timestamp":"2025-10-23T21:08:06.473Z"}
{"level":"info","message":"⌛ Building environment","timeElapsed":102,"timestamp":"2025-10-23T21:08:06.606Z"}
{"level":"info","message":"⌛ Building environment","timeElapsed":110,"timestamp":"2025-10-23T21:08:06.817Z"}
{"level":"info","message":"⌛ Validating mainExample.wpgm","timeElapsed":168,"timestamp":"2025-10-23T21:08:06.986Z"}
{"level":"info","message":"⌛ Validating testExample.wtest","timeElapsed":137,"timestamp":"2025-10-23T21:08:07.207Z"}
{"level":"info","message":"⌛ Validating example.wlk","timeElapsed":159,"timestamp":"2025-10-23T21:08:07.367Z"}
{"level":"info","message":"⌛ Validating mainExample.wpgm","timeElapsed":108,"timestamp":"2025-10-23T21:08:07.477Z"}
{"level":"info","message":"⌛ Validating mainExample.wpgm","timeElapsed":120,"timestamp":"2025-10-23T21:08:09.988Z"}
{"level":"info","message":"⌛ Building environment","timeElapsed":177,"timestamp":"2025-10-23T21:08:21.198Z"}
{"level":"info","message":"⌛ Validating Snake.wpgm","timeElapsed":138,"timestamp":"2025-10-23T21:08:21.439Z"}
{"level":"info","message":"Removing diagnostics from /C:/Repo/Snake-Game/mainExample.wpgm","timestamp":"2025-10-23T21:08:21.440Z"}
{"level":"info","message":"⌛ Building environment","timeElapsed":131,"timestamp":"2025-10-23T21:08:26.979Z"}
{"level":"info","message":"⌛ Building environment","timeElapsed":105,"timestamp":"2025-10-23T21:08:27.084Z"}
{"level":"info","message":"⌛ Validating Main.wlk","timeElapsed":121,"timestamp":"2025-10-23T21:08:27.216Z"}
{"level":"info","message":"Removing diagnostics from /C:/Repo/Snake-Game/example.wlk","timestamp":"2025-10-23T21:08:27.217Z"}
{"level":"info","message":"⌛ Validating Main.wlk","timeElapsed":116,"timestamp":"2025-10-23T21:08:29.147Z"}
{"level":"info","message":"⌛ Building environment","timeElapsed":108,"timestamp":"2025-10-23T21:08:37.045Z"}
{"level":"info","message":"⌛ Validating Snake.wpgm","timeElapsed":122,"timestamp":"2025-10-23T21:08:37.174Z"}
{"level":"info","message":"⌛ Building environment","timeElapsed":106,"timestamp":"2025-10-23T21:08:54.635Z"}
{"level":"info","message":"⌛ Validating Main.wlk","timeElapsed":145,"timestamp":"2025-10-23T21:08:54.808Z"}
{"level":"info","message":"⌛ Building environment","timeElapsed":132,"timestamp":"2025-10-23T21:09:52.809Z"}
{"level":"info","message":"⌛ Building environment","timeElapsed":139,"timestamp":"2025-10-23T21:09:52.949Z"}
{"level":"info","message":"⌛ Building environment","timeElapsed":115,"timestamp":"2025-10-23T21:09:53.065Z"}
{"level":"info","message":"⌛ Validating Snake.wlk","timeElapsed":179,"timestamp":"2025-10-23T21:09:53.277Z"}
{"level":"info","message":"Removing diagnostics from /C:/Repo/Snake-Game/Main.wlk","timestamp":"2025-10-23T21:09:53.277Z"}
{"level":"info","message":"⌛ Building environment","timeElapsed":132,"timestamp":"2025-10-23T21:10:03.281Z"}
{"level":"info","message":"Removing diagnostics from /C:/Repo/Snake-Game/Snake.wlk","timestamp":"2025-10-23T21:10:03.490Z"}
{"level":"info","message":"⌛ Building environment","timeElapsed":158,"timestamp":"2025-10-23T21:10:14.954Z"}
{"level":"info","message":"⌛ Validating Snake.wpgm","timeElapsed":162,"timestamp":"2025-10-23T21:10:15.117Z"}
{"level":"info","message":"⌛ Validating Snake.wpgm","timeElapsed":123,"timestamp":"2025-10-23T21:10:17.029Z"}
{"level":"info","message":"⌛ Building environment","timeElapsed":142,"timestamp":"2025-10-23T21:10:22.129Z"}
{"level":"info","message":"⌛ Building environment","timeElapsed":112,"timestamp":"2025-10-23T21:10:22.241Z"}
{"level":"info","message":"Removing diagnostics from /C:/Repo/Snake-Game/testExample.wtest","timestamp":"2025-10-23T21:10:22.356Z"}
{"level":"info","message":"⌛ Building environment","timeElapsed":109,"timestamp":"2025-10-23T21:10:39.105Z"}
{"level":"info","message":"⌛ Validating Snake.wpgm","timeElapsed":125,"timestamp":"2025-10-23T21:10:39.373Z"}
{"level":"info","message":"⌛ Validating Snake.wpgm","timeElapsed":120,"timestamp":"2025-10-23T21:10:39.569Z"}
{"level":"info","message":"⌛ Validating Snake.wpgm","timeElapsed":115,"timestamp":"2025-10-23T21:10:39.685Z"}
{"level":"info","message":"⌛ Validating Snake.wpgm","timeElapsed":128,"timestamp":"2025-10-23T21:10:41.345Z"}
{"level":"info","message":"⌛ Validating Snake.wpgm","timeElapsed":130,"timestamp":"2025-10-23T21:10:43.786Z"}
{"level":"info","message":"⌛ Building environment","timeElapsed":102,"timestamp":"2025-10-23T21:10:43.981Z"}
{"level":"info","message":"⌛ Validating Snake.wpgm","timeElapsed":144,"timestamp":"2025-10-23T21:10:44.126Z"}
{"level":"info","message":"⌛ Validating Snake.wpgm","timeElapsed":118,"timestamp":"2025-10-23T21:10:44.325Z"}
{"level":"info","message":"⌛ Validating Snake.wpgm","timeElapsed":116,"timestamp":"2025-10-23T21:10:44.536Z"}
{"level":"info","message":"⌛ Validating Snake.wpgm","timeElapsed":122,"timestamp":"2025-10-23T21:10:44.664Z"}
{"level":"info","message":"⌛ Validating Snake.wpgm","timeElapsed":120,"timestamp":"2025-10-23T21:10:45.228Z"}
{"level":"info","message":"⌛ Building environment","timeElapsed":136,"timestamp":"2025-10-23T21:12:31.755Z"}
{"level":"info","message":"⌛ Building environment","timeElapsed":103,"timestamp":"2025-10-23T21:12:31.920Z"}
{"level":"info","message":"⌛ Validating Snake.wpgm","timeElapsed":130,"timestamp":"2025-10-23T21:12:32.053Z"}
{"level":"info","message":"⌛ Validating Snake.wpgm","timeElapsed":123,"timestamp":"2025-10-23T21:12:32.256Z"}
{"level":"info","message":"⌛ Validating Snake.wpgm","timeElapsed":140,"timestamp":"2025-10-23T21:12:32.401Z"}
{"level":"info","message":"⌛ Validating Snake.wpgm","timeElapsed":124,"timestamp":"2025-10-23T21:12:33.503Z"}
{"level":"info","message":"⌛ Validating Snake.wpgm","timeElapsed":110,"timestamp":"2025-10-23T21:12:33.807Z"}
{"level":"info","message":"⌛ Validating Snake.wpgm","timeElapsed":106,"timestamp":"2025-10-23T21:12:33.914Z"}
{"level":"info","message":"⌛ Building environment","timeElapsed":114,"timestamp":"2025-10-23T21:13:45.612Z"}
{"level":"info","message":"⌛ Building environment","timeElapsed":152,"timestamp":"2025-10-23T21:13:45.765Z"}
{"level":"info","message":"⌛ Building environment","timeElapsed":110,"timestamp":"2025-10-23T21:13:45.876Z"}
{"level":"info","message":"⌛ Validating MainGame.wpgm","timeElapsed":214,"timestamp":"2025-10-23T21:13:46.125Z"}
{"level":"info","message":"Removing diagnostics from /C:/Repo/Snake-Game/Snake.wpgm","timestamp":"2025-10-23T21:13:46.126Z"}
{"level":"info","message":"⌛ Building environment","timeElapsed":127,"timestamp":"2025-10-23T21:13:52.771Z"}
{"level":"info","message":"⌛ Building environment","timeElapsed":138,"timestamp":"2025-10-23T21:13:52.940Z"}
{"level":"info","message":"⌛ Validating MainGame.wpgm","timeElapsed":126,"timestamp":"2025-10-23T21:13:53.067Z"}
{"level":"info","message":"⌛ Validating MainGame.wpgm","timeElapsed":125,"timestamp":"2025-10-23T21:13:53.277Z"}
{"level":"info","message":"⌛ Validating MainGame.wpgm","timeElapsed":121,"timestamp":"2025-10-23T21:13:53.403Z"}
{"level":"info","message":"⌛ Validating MainGame.wpgm","timeElapsed":127,"timestamp":"2025-10-23T21:13:54.748Z"}
{"level":"info","message":"⌛ Validating MainGame.wpgm","timeElapsed":127,"timestamp":"2025-10-23T21:13:55.050Z"}
{"level":"info","message":"⌛ Validating MainGame.wpgm","timeElapsed":109,"timestamp":"2025-10-23T21:13:55.159Z"}
{"level":"info","message":"⌛ Building environment","timeElapsed":103,"timestamp":"2025-10-23T21:14:05.736Z"}
{"level":"info","message":"⌛ Validating MainGame.wpgm","timeElapsed":139,"timestamp":"2025-10-23T21:14:05.876Z"}
{"level":"info","message":"⌛ Validating MainGame.wpgm","timeElapsed":144,"timestamp":"2025-10-23T21:14:18.335Z"}
{"level":"info","message":"⌛ Validating MainGame.wpgm","timeElapsed":122,"timestamp":"2025-10-23T21:14:18.550Z"}
{"level":"info","message":"⌛ Building environment","timeElapsed":115,"timestamp":"2025-10-23T21:14:54.445Z"}
{"level":"info","message":"⌛ Validating MainGame.wpgm","timeElapsed":137,"timestamp":"2025-10-23T21:14:54.620Z"}
{"level":"info","message":"⌛ Building environment","timeElapsed":152,"timestamp":"2025-10-23T21:15:26.387Z"}
{"level":"info","message":"⌛ Building environment","timeElapsed":140,"timestamp":"2025-10-23T21:15:26.527Z"}
{"level":"info","message":"⌛ Building environment","timeElapsed":133,"timestamp":"2025-10-23T21:15:26.660Z"}
{"level":"info","message":"⌛ Validating juego.wlk","timeElapsed":159,"timestamp":"2025-10-23T21:15:26.820Z"}
{"level":"info","message":"Removing diagnostics from /C:/Repo/Snake-Game/snake.wlk","timestamp":"2025-10-23T21:15:26.820Z"}
{"level":"info","message":"⌛ Validating MainGame.wpgm","timeElapsed":139,"timestamp":"2025-10-23T21:15:29.234Z"}
{"level":"info","message":"⌛ Building environment","timeElapsed":102,"timestamp":"2025-10-23T21:15:29.336Z"}
{"level":"info","message":"⌛ Validating MainGame.wpgm","timeElapsed":131,"timestamp":"2025-10-23T21:15:29.564Z"}
{"level":"info","message":"⌛ Validating MainGame.wpgm","timeElapsed":133,"timestamp":"2025-10-23T21:15:29.781Z"}
{"level":"info","message":"⌛ Validating MainGame.wpgm","timeElapsed":113,"timestamp":"2025-10-23T21:15:29.897Z"}
{"level":"info","message":"⌛ Validating MainGame.wpgm","timeElapsed":120,"timestamp":"2025-10-23T21:15:30.112Z"}
{"level":"info","message":"⌛ Validating MainGame.wpgm","timeElapsed":127,"timestamp":"2025-10-23T21:15:30.446Z"}
{"level":"info","message":"⌛ Building environment","timeElapsed":114,"timestamp":"2025-10-23T21:15:30.560Z"}
{"level":"info","message":"⌛ Validating MainGame.wpgm","timeElapsed":127,"timestamp":"2025-10-23T21:15:30.785Z"}
{"level":"info","message":"⌛ Validating MainGame.wpgm","timeElapsed":130,"timestamp":"2025-10-23T21:15:31.124Z"}
{"level":"info","message":"⌛ Validating MainGame.wpgm","timeElapsed":132,"timestamp":"2025-10-23T21:15:31.256Z"}
{"level":"info","message":"⌛ Validating MainGame.wpgm","timeElapsed":130,"timestamp":"2025-10-23T21:15:31.392Z"}
{"level":"info","message":"⌛ Building environment","timeElapsed":115,"timestamp":"2025-10-23T21:15:33.702Z"}
{"level":"info","message":"⌛ Validating MainGame.wpgm","timeElapsed":124,"timestamp":"2025-10-23T21:15:33.827Z"}
{"level":"info","message":"⌛ Validating MainGame.wpgm","timeElapsed":121,"timestamp":"2025-10-23T21:15:35.694Z"}
